{"name": "Login to OrangeHRM with Multiples parameters -- @1.3 ", "status": "broken", "statusDetails": {"message": "selenium.common.exceptions.NoSuchElementException: Message: no such element: Unable to locate element: {\"method\":\"css selector\",\"selector\":\"[name=\"username\"]\"}\n  (Session info: chrome=116.0.5845.111); For documentation on this error, please visit: https://www.selenium.dev/documentation/webdriver/troubleshooting/errors#no-such-element-exception\nStacktrace:\n\tGetHandleVerifier [0x00007FF7AE3052A2+57122]\n\t(No symbol) [0x00007FF7AE27EA92]\n\t(No symbol) [0x00007FF7AE14E3AB]\n\t(No symbol) [0x00007FF7AE187D3E]\n\t(No symbol) [0x00007FF7AE187E2C]\n\t(No symbol) [0x00007FF7AE1C0B67]\n\t(No symbol) [0x00007FF7AE1A701F]\n\t(No symbol) [0x00007FF7AE1BEB82]\n\t(No symbol) [0x00007FF7AE1A6DB3]\n\t(No symbol) [0x00007FF7AE17D2B1]\n\t(No symbol) [0x00007FF7AE17E494]\n\tGetHandleVerifier [0x00007FF7AE5AEF82+2849794]\n\tGetHandleVerifier [0x00007FF7AE601D24+3189156]\n\tGetHandleVerifier [0x00007FF7AE5FACAF+3160367]\n\tGetHandleVerifier [0x00007FF7AE396D06+653702]\n\t(No symbol) [0x00007FF7AE28A208]\n\t(No symbol) [0x00007FF7AE2862C4]\n\t(No symbol) [0x00007FF7AE2863F6]\n\t(No symbol) [0x00007FF7AE2767A3]\n\tBaseThreadInitThunk [0x00007FFBCB907614+20]\n\tRtlUserThreadStart [0x00007FFBCD4E26F1+33]\n\n", "trace": "  File \"d:\\magal\\projetos_tosh\\bdd\\venv\\lib\\site-packages\\behave\\model.py\", line 1329, in run\n    match.run(runner.context)\n  File \"d:\\magal\\projetos_tosh\\bdd\\venv\\lib\\site-packages\\behave\\matchers.py\", line 98, in run\n    self.func(context, *args, **kwargs)\n  File \"features\\steps\\loginsteps.py\", line 19, in step_impl\n    context.driver.find_element(By.NAME, \"username\").send_keys(user)\n  File \"d:\\magal\\projetos_tosh\\bdd\\venv\\lib\\site-packages\\selenium\\webdriver\\remote\\webdriver.py\", line 739, in find_element\n    return self.execute(Command.FIND_ELEMENT, {\"using\": by, \"value\": value})[\"value\"]\n  File \"d:\\magal\\projetos_tosh\\bdd\\venv\\lib\\site-packages\\selenium\\webdriver\\remote\\webdriver.py\", line 345, in execute\n    self.error_handler.check_response(response)\n  File \"d:\\magal\\projetos_tosh\\bdd\\venv\\lib\\site-packages\\selenium\\webdriver\\remote\\errorhandler.py\", line 229, in check_response\n    raise exception_class(message, screen, stacktrace)\n"}, "steps": [{"name": "Given launch chrome", "status": "passed", "start": 1693351316701, "stop": 1693351318126}, {"name": "When open orange hrm login homepage", "status": "passed", "start": 1693351318126, "stop": 1693351410603}, {"name": "And Enter username \"adminxyz\" and password \"admin123\"", "status": "broken", "statusDetails": {"message": "selenium.common.exceptions.NoSuchElementException: Message: no such element: Unable to locate element: {\"method\":\"css selector\",\"selector\":\"[name=\"username\"]\"}\n  (Session info: chrome=116.0.5845.111); For documentation on this error, please visit: https://www.selenium.dev/documentation/webdriver/troubleshooting/errors#no-such-element-exception\nStacktrace:\n\tGetHandleVerifier [0x00007FF7AE3052A2+57122]\n\t(No symbol) [0x00007FF7AE27EA92]\n\t(No symbol) [0x00007FF7AE14E3AB]\n\t(No symbol) [0x00007FF7AE187D3E]\n\t(No symbol) [0x00007FF7AE187E2C]\n\t(No symbol) [0x00007FF7AE1C0B67]\n\t(No symbol) [0x00007FF7AE1A701F]\n\t(No symbol) [0x00007FF7AE1BEB82]\n\t(No symbol) [0x00007FF7AE1A6DB3]\n\t(No symbol) [0x00007FF7AE17D2B1]\n\t(No symbol) [0x00007FF7AE17E494]\n\tGetHandleVerifier [0x00007FF7AE5AEF82+2849794]\n\tGetHandleVerifier [0x00007FF7AE601D24+3189156]\n\tGetHandleVerifier [0x00007FF7AE5FACAF+3160367]\n\tGetHandleVerifier [0x00007FF7AE396D06+653702]\n\t(No symbol) [0x00007FF7AE28A208]\n\t(No symbol) [0x00007FF7AE2862C4]\n\t(No symbol) [0x00007FF7AE2863F6]\n\t(No symbol) [0x00007FF7AE2767A3]\n\tBaseThreadInitThunk [0x00007FFBCB907614+20]\n\tRtlUserThreadStart [0x00007FFBCD4E26F1+33]\n\n", "trace": "  File \"d:\\magal\\projetos_tosh\\bdd\\venv\\lib\\site-packages\\behave\\model.py\", line 1329, in run\n    match.run(runner.context)\n  File \"d:\\magal\\projetos_tosh\\bdd\\venv\\lib\\site-packages\\behave\\matchers.py\", line 98, in run\n    self.func(context, *args, **kwargs)\n  File \"features\\steps\\loginsteps.py\", line 19, in step_impl\n    context.driver.find_element(By.NAME, \"username\").send_keys(user)\n  File \"d:\\magal\\projetos_tosh\\bdd\\venv\\lib\\site-packages\\selenium\\webdriver\\remote\\webdriver.py\", line 739, in find_element\n    return self.execute(Command.FIND_ELEMENT, {\"using\": by, \"value\": value})[\"value\"]\n  File \"d:\\magal\\projetos_tosh\\bdd\\venv\\lib\\site-packages\\selenium\\webdriver\\remote\\webdriver.py\", line 345, in execute\n    self.error_handler.check_response(response)\n  File \"d:\\magal\\projetos_tosh\\bdd\\venv\\lib\\site-packages\\selenium\\webdriver\\remote\\errorhandler.py\", line 229, in check_response\n    raise exception_class(message, screen, stacktrace)\n"}, "start": 1693351410604, "stop": 1693351412660}, {"name": "And Click on login button", "status": "skipped", "start": 1693351412661, "stop": 1693351412661}, {"name": "Then User must successfully login to the Dashboard page", "status": "skipped", "start": 1693351412661, "stop": 1693351412661}], "parameters": [{"name": "username", "value": "adminxyz"}, {"name": "password", "value": "admin123"}], "start": 1693351316700, "stop": 1693351412661, "uuid": "b3056d93-086f-4f0f-a5e5-895dd9c4ddf4", "historyId": "8d777eb33b2d7c23ff3164de1170dd2e", "fullName": "OrangeHRM Login: Login to OrangeHRM with Multiples parameters", "labels": [{"name": "severity", "value": "normal"}, {"name": "feature", "value": "OrangeHRM Login"}, {"name": "framework", "value": "behave"}, {"name": "language", "value": "cpython3"}]}